2017-06-29 22:07:30|ERROR|WeiChat.index|PDOException: Column 'openid' cannot be null in /data/wwwroot/PhalApi/PhalApi/NotORM/NotORM/Result.php:246
Stack trace:
#0 /data/wwwroot/PhalApi/PhalApi/NotORM/NotORM/Result.php(323): NotORM_Result->query('INSERT INTO pa_...', Array)
#1 /data/wwwroot/PhalApi/PhalApi/NotORM/NotORM/Result.php(340): NotORM_Result->insert_multi(Array)
#2 /data/wwwroot/PhalApi/App/Model/WeiChat.php(28): NotORM_Result->insert(Array)
#3 /data/wwwroot/PhalApi/App/Domain/WeiChat.php(32): Model_WeiChat->postUserInfo(Array)
#4 /data/wwwroot/PhalApi/App/Api/WeiChat.php(58): Domain_WeiChat->postUserInfo(Array)
#5 /data/wwwroot/PhalApi/App/Api/WeiChat.php(22): Api_WeiChat->oauth2(NULL)
#6 /data/wwwroot/PhalApi/PhalApi/PhalApi.php(55): Api_WeiChat->index()
#7 /data/wwwroot/PhalApi/Public/app/index.php(15): PhalApi->response()
#8 {main}
2017-06-29 22:07:57|ERROR|WeiChat.Index|PDOException: Column 'openid' cannot be null in /data/wwwroot/PhalApi/PhalApi/NotORM/NotORM/Result.php:246
Stack trace:
#0 /data/wwwroot/PhalApi/PhalApi/NotORM/NotORM/Result.php(323): NotORM_Result->query('INSERT INTO pa_...', Array)
#1 /data/wwwroot/PhalApi/PhalApi/NotORM/NotORM/Result.php(340): NotORM_Result->insert_multi(Array)
#2 /data/wwwroot/PhalApi/App/Model/WeiChat.php(28): NotORM_Result->insert(Array)
#3 /data/wwwroot/PhalApi/App/Domain/WeiChat.php(32): Model_WeiChat->postUserInfo(Array)
#4 /data/wwwroot/PhalApi/App/Api/WeiChat.php(57): Domain_WeiChat->postUserInfo(Array)
#5 /data/wwwroot/PhalApi/App/Api/WeiChat.php(21): Api_WeiChat->oauth2('userInfo')
#6 /data/wwwroot/PhalApi/PhalApi/PhalApi.php(55): Api_WeiChat->index()
#7 /data/wwwroot/PhalApi/Public/app/index.php(15): PhalApi->response()
#8 {main}
2017-06-29 22:10:11|ERROR|WeiChat.Index|PDOException: Column 'openid' cannot be null in /data/wwwroot/PhalApi/PhalApi/NotORM/NotORM/Result.php:246
Stack trace:
#0 /data/wwwroot/PhalApi/PhalApi/NotORM/NotORM/Result.php(323): NotORM_Result->query('INSERT INTO pa_...', Array)
#1 /data/wwwroot/PhalApi/PhalApi/NotORM/NotORM/Result.php(340): NotORM_Result->insert_multi(Array)
#2 /data/wwwroot/PhalApi/App/Model/WeiChat.php(28): NotORM_Result->insert(Array)
#3 /data/wwwroot/PhalApi/App/Domain/WeiChat.php(32): Model_WeiChat->postUserInfo(Array)
#4 /data/wwwroot/PhalApi/App/Api/WeiChat.php(57): Domain_WeiChat->postUserInfo(Array)
#5 /data/wwwroot/PhalApi/App/Api/WeiChat.php(21): Api_WeiChat->oauth2('userInfo')
#6 /data/wwwroot/PhalApi/PhalApi/PhalApi.php(55): Api_WeiChat->index()
#7 /data/wwwroot/PhalApi/Public/app/index.php(15): PhalApi->response()
#8 {main}
2017-06-29 22:10:21|ERROR|WeiChat.Index|PDOException: Column 'openid' cannot be null in /data/wwwroot/PhalApi/PhalApi/NotORM/NotORM/Result.php:246
Stack trace:
#0 /data/wwwroot/PhalApi/PhalApi/NotORM/NotORM/Result.php(323): NotORM_Result->query('INSERT INTO pa_...', Array)
#1 /data/wwwroot/PhalApi/PhalApi/NotORM/NotORM/Result.php(340): NotORM_Result->insert_multi(Array)
#2 /data/wwwroot/PhalApi/App/Model/WeiChat.php(28): NotORM_Result->insert(Array)
#3 /data/wwwroot/PhalApi/App/Domain/WeiChat.php(32): Model_WeiChat->postUserInfo(Array)
#4 /data/wwwroot/PhalApi/App/Api/WeiChat.php(57): Domain_WeiChat->postUserInfo(Array)
#5 /data/wwwroot/PhalApi/App/Api/WeiChat.php(21): Api_WeiChat->oauth2('userInfo')
#6 /data/wwwroot/PhalApi/PhalApi/PhalApi.php(55): Api_WeiChat->index()
#7 /data/wwwroot/PhalApi/Public/app/index.php(15): PhalApi->response()
#8 {main}
2017-06-29 22:12:45|ERROR|WeiChat.Index|PDOException: Column 'openid' cannot be null in /data/wwwroot/PhalApi/PhalApi/NotORM/NotORM/Result.php:246
Stack trace:
#0 /data/wwwroot/PhalApi/PhalApi/NotORM/NotORM/Result.php(323): NotORM_Result->query('INSERT INTO pa_...', Array)
#1 /data/wwwroot/PhalApi/PhalApi/NotORM/NotORM/Result.php(340): NotORM_Result->insert_multi(Array)
#2 /data/wwwroot/PhalApi/App/Model/WeiChat.php(28): NotORM_Result->insert(Array)
#3 /data/wwwroot/PhalApi/App/Domain/WeiChat.php(32): Model_WeiChat->postUserInfo(Array)
#4 /data/wwwroot/PhalApi/App/Api/WeiChat.php(57): Domain_WeiChat->postUserInfo(Array)
#5 /data/wwwroot/PhalApi/App/Api/WeiChat.php(21): Api_WeiChat->oauth2('userInfo')
#6 /data/wwwroot/PhalApi/PhalApi/PhalApi.php(55): Api_WeiChat->index()
#7 /data/wwwroot/PhalApi/Public/app/index.php(15): PhalApi->response()
#8 {main}
2017-06-29 22:13:13|ERROR|WeiChat.Index|PDOException: Column 'openid' cannot be null in /data/wwwroot/PhalApi/PhalApi/NotORM/NotORM/Result.php:246
Stack trace:
#0 /data/wwwroot/PhalApi/PhalApi/NotORM/NotORM/Result.php(323): NotORM_Result->query('INSERT INTO pa_...', Array)
#1 /data/wwwroot/PhalApi/PhalApi/NotORM/NotORM/Result.php(340): NotORM_Result->insert_multi(Array)
#2 /data/wwwroot/PhalApi/App/Model/WeiChat.php(28): NotORM_Result->insert(Array)
#3 /data/wwwroot/PhalApi/App/Domain/WeiChat.php(32): Model_WeiChat->postUserInfo(Array)
#4 /data/wwwroot/PhalApi/App/Api/WeiChat.php(57): Domain_WeiChat->postUserInfo(Array)
#5 /data/wwwroot/PhalApi/App/Api/WeiChat.php(21): Api_WeiChat->oauth2('userInfo')
#6 /data/wwwroot/PhalApi/PhalApi/PhalApi.php(55): Api_WeiChat->index()
#7 /data/wwwroot/PhalApi/Public/app/index.php(15): PhalApi->response()
#8 {main}
