2017-06-30 15:09:36|ERROR|User.Register|PDOException: Column 'roleid' cannot be null in /data/wwwroot/PhalApi/PhalApi/NotORM/NotORM/Result.php:246
Stack trace:
#0 /data/wwwroot/PhalApi/PhalApi/NotORM/NotORM/Result.php(323): NotORM_Result->query('INSERT INTO pa_...', Array)
#1 /data/wwwroot/PhalApi/PhalApi/NotORM/NotORM/Result.php(340): NotORM_Result->insert_multi(Array)
#2 /data/wwwroot/PhalApi/App/Model/Role.php(14): NotORM_Result->insert(Array)
#3 /data/wwwroot/PhalApi/App/Domain/Role.php(10): Model_Role->BankRegister(5, Array)
#4 /data/wwwroot/PhalApi/App/Api/User.php(36): Domain_Role->BankRegister(5, Array)
#5 /data/wwwroot/PhalApi/PhalApi/PhalApi.php(55): Api_User->register()
#6 /data/wwwroot/PhalApi/Public/app/index.php(15): PhalApi->response()
#7 {main}
2017-06-30 15:16:51|ERROR|User.Register|PDOException: Unknown column 'state' in 'field list' in /data/wwwroot/PhalApi/PhalApi/NotORM/NotORM/Result.php:246
Stack trace:
#0 /data/wwwroot/PhalApi/PhalApi/NotORM/NotORM/Result.php(323): NotORM_Result->query('INSERT INTO pa_...', Array)
#1 /data/wwwroot/PhalApi/PhalApi/NotORM/NotORM/Result.php(340): NotORM_Result->insert_multi(Array)
#2 /data/wwwroot/PhalApi/App/Model/Role.php(16): NotORM_Result->insert(Array)
#3 /data/wwwroot/PhalApi/App/Domain/Role.php(10): Model_Role->BankRegister(5, Array)
#4 /data/wwwroot/PhalApi/App/Api/User.php(36): Domain_Role->BankRegister(5, Array)
#5 /data/wwwroot/PhalApi/PhalApi/PhalApi.php(55): Api_User->register()
#6 /data/wwwroot/PhalApi/Public/app/index.php(15): PhalApi->response()
#7 {main}
2017-06-30 15:17:34|ERROR|User.Register|PDOException: Unknown column 'state' in 'field list' in /data/wwwroot/PhalApi/PhalApi/NotORM/NotORM/Result.php:246
Stack trace:
#0 /data/wwwroot/PhalApi/PhalApi/NotORM/NotORM/Result.php(323): NotORM_Result->query('INSERT INTO pa_...', Array)
#1 /data/wwwroot/PhalApi/PhalApi/NotORM/NotORM/Result.php(340): NotORM_Result->insert_multi(Array)
#2 /data/wwwroot/PhalApi/App/Model/Role.php(16): NotORM_Result->insert(Array)
#3 /data/wwwroot/PhalApi/App/Domain/Role.php(10): Model_Role->BankRegister(5, Array)
#4 /data/wwwroot/PhalApi/App/Api/User.php(36): Domain_Role->BankRegister(5, Array)
#5 /data/wwwroot/PhalApi/PhalApi/PhalApi.php(55): Api_User->register()
#6 /data/wwwroot/PhalApi/Public/app/index.php(15): PhalApi->response()
#7 {main}
2017-06-30 15:18:17|ERROR|User.Register|PDOException: Unknown column 'state' in 'field list' in /data/wwwroot/PhalApi/PhalApi/NotORM/NotORM/Result.php:246
Stack trace:
#0 /data/wwwroot/PhalApi/PhalApi/NotORM/NotORM/Result.php(323): NotORM_Result->query('INSERT INTO pa_...', Array)
#1 /data/wwwroot/PhalApi/PhalApi/NotORM/NotORM/Result.php(340): NotORM_Result->insert_multi(Array)
#2 /data/wwwroot/PhalApi/App/Model/Role.php(16): NotORM_Result->insert(Array)
#3 /data/wwwroot/PhalApi/App/Domain/Role.php(10): Model_Role->BankRegister(5, Array)
#4 /data/wwwroot/PhalApi/App/Api/User.php(36): Domain_Role->BankRegister(5, Array)
#5 /data/wwwroot/PhalApi/PhalApi/PhalApi.php(55): Api_User->register()
#6 /data/wwwroot/PhalApi/Public/app/index.php(15): PhalApi->response()
#7 {main}
2017-06-30 15:18:36|ERROR|User.Register|PDOException: Unknown column 'state' in 'field list' in /data/wwwroot/PhalApi/PhalApi/NotORM/NotORM/Result.php:246
Stack trace:
#0 /data/wwwroot/PhalApi/PhalApi/NotORM/NotORM/Result.php(323): NotORM_Result->query('INSERT INTO pa_...', Array)
#1 /data/wwwroot/PhalApi/PhalApi/NotORM/NotORM/Result.php(340): NotORM_Result->insert_multi(Array)
#2 /data/wwwroot/PhalApi/App/Model/Role.php(16): NotORM_Result->insert(Array)
#3 /data/wwwroot/PhalApi/App/Domain/Role.php(10): Model_Role->BankRegister(5, Array)
#4 /data/wwwroot/PhalApi/App/Api/User.php(36): Domain_Role->BankRegister(5, Array)
#5 /data/wwwroot/PhalApi/PhalApi/PhalApi.php(55): Api_User->register()
#6 /data/wwwroot/PhalApi/Public/app/index.php(15): PhalApi->response()
#7 {main}
2017-06-30 15:20:32|ERROR|User.Register|PDOException: Data too long for column 'roleid' at row 1 in /data/wwwroot/PhalApi/PhalApi/NotORM/NotORM/Result.php:246
Stack trace:
#0 /data/wwwroot/PhalApi/PhalApi/NotORM/NotORM/Result.php(393): NotORM_Result->query('UPDATE pa_user ...', Array)
#1 /data/wwwroot/PhalApi/App/Model/User.php(23): NotORM_Result->update(Array)
#2 /data/wwwroot/PhalApi/App/Domain/User.php(19): Model_User->putUserRoleid(5, '1')
#3 /data/wwwroot/PhalApi/App/Api/User.php(47): Domain_User->putUserRoleid(5, '1')
#4 /data/wwwroot/PhalApi/PhalApi/PhalApi.php(55): Api_User->register()
#5 /data/wwwroot/PhalApi/Public/app/index.php(15): PhalApi->response()
#6 {main}
2017-06-30 15:22:56|ERROR|User.Register|PDOException: Duplicate entry '5' for key 'PRIMARY' in /data/wwwroot/PhalApi/PhalApi/NotORM/NotORM/Result.php:246
Stack trace:
#0 /data/wwwroot/PhalApi/PhalApi/NotORM/NotORM/Result.php(323): NotORM_Result->query('INSERT INTO pa_...', Array)
#1 /data/wwwroot/PhalApi/PhalApi/NotORM/NotORM/Result.php(340): NotORM_Result->insert_multi(Array)
#2 /data/wwwroot/PhalApi/App/Model/Role.php(16): NotORM_Result->insert(Array)
#3 /data/wwwroot/PhalApi/App/Domain/Role.php(10): Model_Role->BankRegister(5, Array)
#4 /data/wwwroot/PhalApi/App/Api/User.php(36): Domain_Role->BankRegister(5, Array)
#5 /data/wwwroot/PhalApi/PhalApi/PhalApi.php(55): Api_User->register()
#6 /data/wwwroot/PhalApi/Public/app/index.php(15): PhalApi->response()
#7 {main}
2017-06-30 15:23:17|ERROR|User.Register|PDOException: Data too long for column 'roleid' at row 1 in /data/wwwroot/PhalApi/PhalApi/NotORM/NotORM/Result.php:246
Stack trace:
#0 /data/wwwroot/PhalApi/PhalApi/NotORM/NotORM/Result.php(393): NotORM_Result->query('UPDATE pa_user ...', Array)
#1 /data/wwwroot/PhalApi/App/Model/User.php(22): NotORM_Result->update(Array)
#2 /data/wwwroot/PhalApi/App/Domain/User.php(19): Model_User->putUserRoleid(5, '1')
#3 /data/wwwroot/PhalApi/App/Api/User.php(47): Domain_User->putUserRoleid(5, '1')
#4 /data/wwwroot/PhalApi/PhalApi/PhalApi.php(55): Api_User->register()
#5 /data/wwwroot/PhalApi/Public/app/index.php(15): PhalApi->response()
#6 {main}
2017-06-30 15:32:24|ERROR|User.Register|PDOException: Duplicate entry '5' for key 'PRIMARY' in /data/wwwroot/PhalApi/PhalApi/NotORM/NotORM/Result.php:246
Stack trace:
#0 /data/wwwroot/PhalApi/PhalApi/NotORM/NotORM/Result.php(323): NotORM_Result->query('INSERT INTO pa_...', Array)
#1 /data/wwwroot/PhalApi/PhalApi/NotORM/NotORM/Result.php(340): NotORM_Result->insert_multi(Array)
#2 /data/wwwroot/PhalApi/App/Model/Role.php(16): NotORM_Result->insert(Array)
#3 /data/wwwroot/PhalApi/App/Domain/Role.php(13): Model_Role->BankRegister(5, Array)
#4 /data/wwwroot/PhalApi/App/Api/User.php(36): Domain_Role->BankRegister(5, Array)
#5 /data/wwwroot/PhalApi/PhalApi/PhalApi.php(55): Api_User->register()
#6 /data/wwwroot/PhalApi/Public/app/index.php(15): PhalApi->response()
#7 {main}
