2017-07-12 10:23:25|INFO|putBusinessAssess|{"uid":"1000000008","data":{"bid":"68","bank_name":"\u5357\u4eac\u94f6\u884c","house_out1_photo":"ZWTAn2hFhNFvCVVZHatOs66HC-MlIgn83zz7J3dolVtThienLU6FoQ1VhO0yJhmo","house_out2_photo":"JGkw9JlDLDK85h32x6j1-sadJ8o9K23UmoyCeM689IQxZG-sgHOU37yJVfRWmH4P","house_out3_photo":"dA6sx8_mCjABnnkjQMqPJeghVjYKz2WAPEZnKintxUHyEBHaKIq6sjwHxIW2CSIl","house_out4_photo":"GmGiAINgkzcC8j0erfueRbbzlfhW4TELVG77ctPiVA5OygA4ZjwbF6ZbEN6250r7","house_bedroom1_photo":"sZu6dQP78SwbnAUOfoEq6ue3U9DvdXpNkFmVzrKNzzRo0lmYCQgjRRtO2JmLs1xN","house_bedroom2_photo":"jvssXplrE9Sp_0yDcDQkz7Po5cA0-t9OKwtTtwsnV11fCUug4uF37JwFM3STrbxS","house_bedroom3_photo":"ZjrRu05CsKgLtsSIz_hKPpVad8i7Wf43II-hnt6UMKUmUa5GnFcNQH3lFWxZWh7R","house_living1_photo":"tChq6W6rJ3ExF0tOc-CsPEifkLk9QasZzJvC2ZItsR84ZCV2XFKihqb-mM5sEWn7","house_living2_photo":"tChq6W6rJ3ExF0tOc-CsPEifkLk9QasZzJvC2ZItsR84ZCV2XFKihqb-mM5sEWn7","house_living3_photo":"tChq6W6rJ3ExF0tOc-CsPEifkLk9QasZzJvC2ZItsR84ZCV2XFKihqb-mM5sEWn7","house_kitchen1_photo":"sZu6dQP78SwbnAUOfoEq6u3APDvEzA-rQhbQxOmiz_SungRhFB7fK4vdmQhRlT5c","house_kitchen2_photo":"JGkw9JlDLDK85h32x6j1-np8H2gx7TI8cn4CFL3R4p5bF18Ok2Kv1lQ0nwJBxVi5","house_toilet1_photo":"H_MakRZC9R1PcOSm3dqN8FJKuo3ozBDljSjjgWuaHLw12MKDnjkI-k4820Mj7nSd","house_toilet2_photo":"jU1VMKcKMF6MiLXcjVKPlqyQ10F919HTAJuK2PWAAtvRHKkuJGRewDd_G-dED_yW","status":"1"}}
2017-07-12 10:23:46|ERROR|Business.PutBusinessAssess|PDOException: Unknown column 'status' in 'field list' in /data/wwwroot/PhalApi/PhalApi/NotORM/NotORM/Result.php:246
Stack trace:
#0 /data/wwwroot/PhalApi/PhalApi/NotORM/NotORM/Result.php(393): NotORM_Result->query('UPDATE pa_busin...', Array)
#1 /data/wwwroot/PhalApi/App/Model/Business.php(79): NotORM_Result->update(Array)
#2 /data/wwwroot/PhalApi/App/Domain/Business.php(39): Model_Business->putBusinessAssess('1000000008', '68', Array)
#3 /data/wwwroot/PhalApi/App/Api/Business.php(311): Domain_Business->putBusinessAssess('1000000008', '68', Array)
#4 /data/wwwroot/PhalApi/PhalApi/PhalApi.php(55): Api_Business->putBusinessAssess()
#5 /data/wwwroot/PhalApi/Public/app/index.php(19): PhalApi->response()
#6 {main}
2017-07-12 12:26:32|INFO|putBusinessAssess|{"uid":"1000000008","data":{"bid":"69","bank_name":"\u5317\u4eac\u94f6\u884c","house_out1_photo":"QtJzbtM6379Wvokt0tPTVIKeb1BGejmgLmyuwn7xWgIkgX8vtvywo1kmYP4kKjOo","house_out2_photo":"4wKaSwSaTBORPmRwj9mrM5jfWoOPmRW08Dqg-5FPowqefkU8TyXVFYD4QZpCyXSV","house_out3_photo":"BEUCRfBMu46jhVU6DmptUwg2ORgn-PN5mkbLTgpVoMydstuvnUntLrHIIT-haXSU","house_out4_photo":"pozY5cQQL9Iqy8hOcuCLKksPmJ8UpvEKeiC2GbCEECyjvpW4FyQVptX2SPBQx7Tl","house_bedroom1_photo":"GNZgPGFFXgsqUqYOTtLcJzciPtgNa_L90xo7ZPWSmYT_cA8uWiwEzo1xWJy3ay2M","house_bedroom2_photo":"YbuCx22_Rt3JXISYD3RjnQ1VZ_C9jiUlUFqdE8hTXIZEK7rCLyxdKqLr29LyvRoS","house_bedroom3_photo":"8Hsyxm6AS1Mmo2M6wJa9BNUZhh-sgXPFlCtRBX2nxqPK9GeXY2puPSs67AqWdF3u","house_living1_photo":"iSJcn8gMCu2LSl-wXKbArT2HxftSsbfm3u9lTd3xCOACmaz0Iggr-tJLQ_7o2Lw3","house_living2_photo":"iSJcn8gMCu2LSl-wXKbArT2HxftSsbfm3u9lTd3xCOACmaz0Iggr-tJLQ_7o2Lw3","house_living3_photo":"iSJcn8gMCu2LSl-wXKbArT2HxftSsbfm3u9lTd3xCOACmaz0Iggr-tJLQ_7o2Lw3","house_kitchen1_photo":"YogMkfmCMtm37Q8JYA5OFuLx3nLjAgmnYurqpHIs8SO5qx5PbC9hZFXFr9jRbEJZ","house_kitchen2_photo":"qlE4547xHkuVHEZHsxrrvkRoEWyOEsOaJu5PVKycc7htAV3a8s1CJHkOoC6Yisio","house_toilet1_photo":"3fEqgcX4aoLMLKpLoG7fFzFmfRUlp7JCcfdFeiLn1MPuQFDmKjKexaxgX-KlJtkw","house_toilet2_photo":"Ku6N_lTz5YJRgHFcHR7iA3FU2JeVJD8DYi4nbhUolEH0GS_p62IGGDAq7JckFUfQ","status":"1"}}
2017-07-12 17:19:44|INFO|putBusinessAssess|{"uid":"1000000008","data":{"bid":"70","bank_name":"\u5357\u4eac\u94f6\u884c","house_out1_photo":"Wmy5WcIxd-DtJPpC328ZbjQDN8VbFZjmgAIfXUnL-tDBLBUpjRBGluT94mcqN2tW","house_out2_photo":"RN6zYcTlnwdUQKZtKHGGhzgCfwuB75pCYiYR9B9pihQ7goYuYehNT7hp6glj0sQQ","house_out3_photo":"cS0QVAyuqF16n3uolt7gAb96KDTyIEqKA8_2cP--HNW9o0Jj3G0E3DdzG4jbZ1bq","house_out4_photo":"HHJreGC5C3LGR6tsTQSUye0-WlF-2c15HKbH6szUAr6v-wCOfhTtRdHaT8u9ABlO","house_bedroom1_photo":"VE-Ow2K5oDsAisTEOzQ76LB3wxUXQ3vmn684eBkOexmViTw3wgiU84igS8Upmzx5","house_bedroom2_photo":"wSe-kAtQJTz9D0mnhgLZfseGHE-eBajD7fZrrTnZNG0EXPrsscwouj01mkEw9Pdw","house_bedroom3_photo":"GMzwRXkGsY72P2b5Dz3VVZGJjkyyf7x0Wyrl9F2ttUZMVo-tA2TP4OmoUSTl5xld","house_living1_photo":"9xpXtvxyeWckbxTVoaN1yi2Xlg0lEe9aRkju-r3YJ_CuAM-a9PlByXH_AlT8MAWi","house_living2_photo":"9xpXtvxyeWckbxTVoaN1yi2Xlg0lEe9aRkju-r3YJ_CuAM-a9PlByXH_AlT8MAWi","house_living3_photo":"9xpXtvxyeWckbxTVoaN1yi2Xlg0lEe9aRkju-r3YJ_CuAM-a9PlByXH_AlT8MAWi","house_kitchen1_photo":"_K5SMzwuGW4FjO7zUNAcuNJYekkZW06-9sdWCrCOH_4K-nXZ1Dq5pacen1tEbMjS","house_kitchen2_photo":"OHn_R4JPkvRotAOYZYyaXBbujUyTu40h30Zt0zAu1JUsHqlT10hfSIUZvMhXZOxJ","house_toilet1_photo":"JRzxox8fKtmMm3okr3s-n2SFB_nlwgdjvZ-K0Pbx6RMwO5AsdcEEjAHbWFWF2TBO","house_toilet2_photo":"Xxu61VlunGhrcLbrDy67yS2B9rPUyX4peWJtSb2hkPWAuSQDZXnVdZAjmJv5Ccrd","status":"1"}}
2017-07-12 17:20:02|ERROR|Business.PutBusinessAssess|PDOException: Unknown column 'status' in 'field list' in /data/wwwroot/PhalApi/PhalApi/NotORM/NotORM/Result.php:246
Stack trace:
#0 /data/wwwroot/PhalApi/PhalApi/NotORM/NotORM/Result.php(393): NotORM_Result->query('UPDATE pa_busin...', Array)
#1 /data/wwwroot/PhalApi/App/Model/Business.php(79): NotORM_Result->update(Array)
#2 /data/wwwroot/PhalApi/App/Domain/Business.php(39): Model_Business->putBusinessAssess('1000000008', '70', Array)
#3 /data/wwwroot/PhalApi/App/Api/Business.php(365): Domain_Business->putBusinessAssess('1000000008', '70', Array)
#4 /data/wwwroot/PhalApi/PhalApi/PhalApi.php(55): Api_Business->putBusinessAssess()
#5 /data/wwwroot/PhalApi/Public/app/index.php(19): PhalApi->response()
#6 {main}
