2017-07-22 01:40:59|INFO|putBusinessSign|{"uid":"1000000015","data":{"bid":"100000031","seller_name":"\u5f90\u4e3a","seller_mobile":"13625572670","seller_ID":"342222199104267210","seller_ID1_photo":"fONRvJb0etv4IfD0wzHZfqeeuwlXfhvFWqt65lMdymSZdMmHlLewtrsERff8SWGP","seller_ID2_photo":"s7e3cvnBILGXwzlVanUS6bJoWyvTfjY5CZS78CYnpINH3ZsHXN4NjUeEyUqWzFHS","buyer_name":"\u5f90\u4e3a","buyer_mobile":"13625572670","buyer_ID":"342222199104267210","buyer_ID1_photo":"sK1rF4LE0ExFRAwa_bFxE8lp8RI4Q8ss1kCISUDEiy5n47Mhk4-XSkwlMh4uMvoQ","buyer_ID2_photo":"jlXh-PPhJ7TdvpwXJJGWNHCN5YxxpnhPkxU9nq1c6QStaYHFvaau_8Tzwpb0qVGe","business_price":"12777","business_loan":"12444","business_fund":"133333","business_photo":"9126ddoZF40NQ0eFHNVD0pC-mO-JbnNuwgp0wcR7VKYpO3pfFlsvUKKr_OmPcKFB","house_address":"\u6211\u4eec","house_prove1_photo":"JE9V0dBc6ULYSKFpRZGE047C2uaULxvrVt8MLEZgr5_hJT_XYUWhPZLWRTtfQDgr","house_prove2_photo":"c0D04AtcUdnEIfMwEslAO3TmzlOQGq-g-vqIHgbB57XBcDhoyKcSCL_J2fsVRI4c","house_fund_photo":"UH-nbNJPODMsM2NO2r4-8FF-d88iCVvt9FJbcXbd_nTtFiAtO_F-lKehxtMXEtKX","house_prove_photo":"YjFoIIIx8YJARENHK7lT9f55TgWboB6NGoP_sZYZKXPs29xSCbEt6rfhQWgVyJPV"}}
2017-07-22 01:41:03|ERROR|Business.PutBusinessSign|PDOException: Unknown column 'sign_money' in 'field list' in /data/wwwroot/PhalApi/PhalApi/NotORM/NotORM/Result.php:246
Stack trace:
#0 /data/wwwroot/PhalApi/PhalApi/NotORM/NotORM/Result.php(323): NotORM_Result->query('INSERT INTO pa_...', Array)
#1 /data/wwwroot/PhalApi/PhalApi/NotORM/NotORM/Result.php(340): NotORM_Result->insert_multi(Array)
#2 /data/wwwroot/PhalApi/App/Model/Business.php(55): NotORM_Result->insert(Array)
#3 /data/wwwroot/PhalApi/App/Domain/Business.php(31): Model_Business->putBusinessSign('1000000015', '100000031', '500', Array)
#4 /data/wwwroot/PhalApi/App/Api/Business.php(280): Domain_Business->putBusinessSign('1000000015', '100000031', '500', Array)
#5 /data/wwwroot/PhalApi/PhalApi/PhalApi.php(55): Api_Business->putBusinessSign()
#6 /data/wwwroot/PhalApi/Public/app/index.php(19): PhalApi->response()
#7 {main}
2017-07-22 01:43:35|INFO|putBusinessSign|{"uid":"1000000015","data":{"bid":"100000032","seller_name":"d","seller_mobile":"1","seller_ID":"1","seller_ID1_photo":"YtJW50Iyi-WT4iXqgvwEqw1rkYbBxuRnjKUskVObW5XYwviv7oriiPnwiI16HXC7","seller_ID2_photo":"Bg8OGCe8zXiO8tG6lCiwakpwsrBSHruDy4yVX_erhebBwpOJVdT3igWlnHyNz0eL","buyer_name":"1","buyer_mobile":"1","buyer_ID":"1","buyer_ID1_photo":"J-TvtAvuGO8qwna1-PqeeRf-J3crSAXEuPyNbCp8oOu-jikfTCLx4KcRcOZA2l5E","buyer_ID2_photo":"Bg8OGCe8zXiO8tG6lCiwaoxmAQKn9JLNkWecQGVeKsX1cZAJY0AdhgP1lr0K_ZCi","business_price":"1","business_loan":"1","business_fund":"1","business_photo":"YtJW50Iyi-WT4iXqgvwEq_bRW2NFvllsj7oBy99IJu12p4t43mHIf-pnFnm9gJrE","house_address":"1","house_prove1_photo":"Bg8OGCe8zXiO8tG6lCiwarEHhoMFGEkmHoRcjOgeGLD32S-jmSDBUBZhApjEPU1T","house_prove2_photo":"FhjDoXNRAQ5fzzG2FtmP38Os5lPA-k9egO6x3Y7n769Z1EugohhGps3jCIL3RPt0","house_fund_photo":"98GJ5090525-LwhUo0cpgXHBCaM7LCTii6uUJK_mHgYXfN73YBRxyjg1HZSYHU93","house_prove_photo":"FhjDoXNRAQ5fzzG2FtmP37dZP3rRaTRcPfzSdZQ7DeFjhg655EMr5AUa6De5uQdZ"}}
2017-07-22 01:43:40|ERROR|Business.PutBusinessSign|PDOException: Unknown column 'sign_money' in 'field list' in /data/wwwroot/PhalApi/PhalApi/NotORM/NotORM/Result.php:246
Stack trace:
#0 /data/wwwroot/PhalApi/PhalApi/NotORM/NotORM/Result.php(323): NotORM_Result->query('INSERT INTO pa_...', Array)
#1 /data/wwwroot/PhalApi/PhalApi/NotORM/NotORM/Result.php(340): NotORM_Result->insert_multi(Array)
#2 /data/wwwroot/PhalApi/App/Model/Business.php(55): NotORM_Result->insert(Array)
#3 /data/wwwroot/PhalApi/App/Domain/Business.php(31): Model_Business->putBusinessSign('1000000015', '100000032', '500', Array)
#4 /data/wwwroot/PhalApi/App/Api/Business.php(280): Domain_Business->putBusinessSign('1000000015', '100000032', '500', Array)
#5 /data/wwwroot/PhalApi/PhalApi/PhalApi.php(55): Api_Business->putBusinessSign()
#6 /data/wwwroot/PhalApi/Public/app/index.php(19): PhalApi->response()
#7 {main}
2017-07-22 01:45:19|INFO|putBusinessSign|{"uid":"1000000015","data":{"bid":"100000033","seller_name":"\u6211","seller_mobile":"1","seller_ID":"1","seller_ID1_photo":"5mn1s1GGNoNX4RO1yZhLckYOu3lgFNRk0vjs3jHM3_cOVjncBZeZ2DQSHkn6U5OK","seller_ID2_photo":"UsmZQhG9yMsAFBc01hxqP4XK06KFCRPcsWqWNN0_pWuRztSfkAaW3Clw0tM7t0Lj","buyer_name":"\u6211","buyer_mobile":"1","buyer_ID":"1","buyer_ID1_photo":"z2Uoc5-wBgINdYvUaNuo-wfVK1jlgyt65puvehxZ9-Xgx_SVM-l8yf_RE9j-_BEU","buyer_ID2_photo":"Ftlby6TWUJ_g27r-ColHVS9ft0LC267hK1H-eSpEKuG7_X5a_hCY-Ld9j7dGTeta","business_price":"1","business_loan":"1","business_fund":"1","business_photo":"JE9V0dBc6ULYSKFpRZGE0zH-BIUbn7ivC5cOJEt_0pLV0EeBN9iquYxnBLf7Xhjt","house_address":"\u6211","house_prove1_photo":"Ftlby6TWUJ_g27r-ColHVY8LFVz9jtlTCxM2OkMAI3E5kBF442ND1kZa0q8-NIBY","house_prove2_photo":"SMtDCr6pDC8KtUtJtQBoGCSlX8GZemEp3-2a2Oe6OWLv4XjqCnz0gGW6DA2nUcx2","house_prove3_photo":"6LEdJG59NGjup_tF9iryvdFZD_WxxUDU31Tv7mdv4hdVt0jOTAvkwP5NVZmzOTZ1","house_prove4_photo":"vyRhu2Ftd6SIKzlkTFMZdosqn_zyu4fu2aTELpTVjo4WxPWQRA9TKDZVVxY2Su8k","house_fund_photo":"U9klCTUhkMpIaC6fPsI3l9ucp05dKaenRAvotgZAYvrhtWRPtlopaNHFPc7MhLhh","house_prove_photo":"iDebUgJ_ObkZ6ZJfdzguKDkRkodrZpLKGGnvXkrIXlc86s2hyBFaDbdXfkUcJ82B"}}
2017-07-22 01:45:23|ERROR|Business.PutBusinessSign|PDOException: Unknown column 'sign_money' in 'field list' in /data/wwwroot/PhalApi/PhalApi/NotORM/NotORM/Result.php:246
Stack trace:
#0 /data/wwwroot/PhalApi/PhalApi/NotORM/NotORM/Result.php(323): NotORM_Result->query('INSERT INTO pa_...', Array)
#1 /data/wwwroot/PhalApi/PhalApi/NotORM/NotORM/Result.php(340): NotORM_Result->insert_multi(Array)
#2 /data/wwwroot/PhalApi/App/Model/Business.php(55): NotORM_Result->insert(Array)
#3 /data/wwwroot/PhalApi/App/Domain/Business.php(31): Model_Business->putBusinessSign('1000000015', '100000033', '500', Array)
#4 /data/wwwroot/PhalApi/App/Api/Business.php(280): Domain_Business->putBusinessSign('1000000015', '100000033', '500', Array)
#5 /data/wwwroot/PhalApi/PhalApi/PhalApi.php(55): Api_Business->putBusinessSign()
#6 /data/wwwroot/PhalApi/Public/app/index.php(19): PhalApi->response()
#7 {main}
2017-07-22 07:26:22|INFO|putBusinessSign|{"uid":"1000000015","data":{"bid":"100000034","seller_name":"\u6211","seller_mobile":"1","seller_ID":"\u6211","seller_ID1_photo":"MIWEdXpesxNO3_xi0fZmqARgjQfBSPwGnIlMdFYwH2y7q8CkWA9Bc9Mt12meSoEo","seller_ID2_photo":"JE9V0dBc6ULYSKFpRZGE0wL78blosQOgRDE8BtOj2VG5rrPbyoJSucb-hYdqCeLZ","buyer_name":"\u6211","buyer_mobile":"12","buyer_ID":"\u6211","buyer_ID1_photo":"puiJiahnIgzXUNWhy6Rh0McArU-QoUbVYt5UPPxEmC_HKP_z4Q7-52Tp8dlbZWL7","buyer_ID2_photo":"4wKaSwSaTBORPmRwj9mrM_iE6EZIjI9foEb5FUlkLpRoNWDf60MwsyydvnWh9_vh","business_price":"1","business_loan":"1","business_fund":"1","business_photo":"QO8XkNOUNKHD7E0udtLqGtW3V5xVmPfyg9lnUn2IHQi_dumaUkVHyL7hhEJ4MNKW","house_address":"\u6211","house_prove1_photo":"QO8XkNOUNKHD7E0udtLqGo63E1Ot3WPfsIu1LIWQYaQewT_8ItYK1s62ayLCqaIY","house_prove2_photo":"1C6NWvsGS5plMJTZ8S5hTQs53G5HAN2UnnWookDpSu4BNlelz9RgEu7yoM1BQwBv","house_fund_photo":"vyRhu2Ftd6SIKzlkTFMZdvZbadzU7DF_YEArYk30A7IM3b_lXr61Q1z0iN3Xkl5_","house_prove_photo":"hopNjj98qRB0ZVbJwcbm6qqJIwmuntAicuLr-gFoQUXNRFEm-XNA3YsnI5_nufb0"}}
2017-07-22 07:26:26|ERROR|Business.PutBusinessSign|PDOException: Unknown column 'sign_money' in 'field list' in /data/wwwroot/PhalApi/PhalApi/NotORM/NotORM/Result.php:246
Stack trace:
#0 /data/wwwroot/PhalApi/PhalApi/NotORM/NotORM/Result.php(323): NotORM_Result->query('INSERT INTO pa_...', Array)
#1 /data/wwwroot/PhalApi/PhalApi/NotORM/NotORM/Result.php(340): NotORM_Result->insert_multi(Array)
#2 /data/wwwroot/PhalApi/App/Model/Business.php(55): NotORM_Result->insert(Array)
#3 /data/wwwroot/PhalApi/App/Domain/Business.php(31): Model_Business->putBusinessSign('1000000015', '100000034', '500', Array)
#4 /data/wwwroot/PhalApi/App/Api/Business.php(280): Domain_Business->putBusinessSign('1000000015', '100000034', '500', Array)
#5 /data/wwwroot/PhalApi/PhalApi/PhalApi.php(55): Api_Business->putBusinessSign()
#6 /data/wwwroot/PhalApi/Public/app/index.php(19): PhalApi->response()
#7 {main}
2017-07-22 07:29:44|INFO|putBusinessAssess|{"uid":"1000000015","data":{"bid":"100000035","bank_name":"\u5317\u4eac\u94f6\u884c","house_out1_photo":"Nw7knWeh6yhcj3zchCCSy-PLooRv4O7B2F5mLO6L2B1ESHBQOIJPsyxTtGCqp_l0","house_out2_photo":"sq549MbGFF9cHSmv7gm_Le4jVdLQ5npBDiTw64tD9htQRlvFI8FSQbbnMdvwKZWD","house_out3_photo":"gVzAtGUk9ri5fp4x1S6b9mNFJzWOJNC67BnAIOME8KvJnuMofe3hwo2dv6axkE4z","house_out4_photo":"iUivCM8AsnUDLlKMzSdi8fWPTjJtaJgs6LbxpxRY0Cc43tyt0BpmutWBywSI7EU9","house_bedroom1_photo":"s7e3cvnBILGXwzlVanUS6b2eqF4qJv4_i1liiQLauK-I1NPzg-Wye1qdBOly7UHm","house_bedroom2_photo":"iUivCM8AsnUDLlKMzSdi8XthXYuHyfk_olcgZRxEJoz7UiCHuAy19YGJHKz0lPfn","house_bedroom3_photo":"C8vfENrD93sikQhsXr4eo3c0wS5Diju2nmldr98a0V1wsigyDXqiriGjQyzOZ-3i","house_living1_photo":"O8AjxHbQPGKgpzI2Y3UQFUQFORFWZdHNcNQKFG2aaJzRgx4iD4du_U31jz60v4x1","house_living2_photo":"O8AjxHbQPGKgpzI2Y3UQFUQFORFWZdHNcNQKFG2aaJzRgx4iD4du_U31jz60v4x1","house_living3_photo":"O8AjxHbQPGKgpzI2Y3UQFUQFORFWZdHNcNQKFG2aaJzRgx4iD4du_U31jz60v4x1","house_kitchen1_photo":"PfG5VPNNaYL-tIIWi0bIj7mY7NoLMNFx310jYGBRaOO3UHe4NPKMjH3GBbpZJmaH","house_kitchen2_photo":"5w0P3vITMC8HeJFA8RMvcfEPQJlRjXgiGvxoSXwtMQuivOWPQgUrBkWEal_C5msU","house_toilet1_photo":"90quNHaukiW2qm3xDiuLtiea3OiD1SuPHboDsyReVlYuFwvD8SYDhvVbFY-VBRn-","house_toilet2_photo":"uOuYEtJ6cwDmSiBXJCdMqgBtjnuD9hVCF1P9M8UqptIoVg2dR5HtF2AACNA5SCmq"}}
2017-07-22 07:39:16|INFO|putBusinessSign|{"uid":null,"data":{"bid":"1"}}
2017-07-22 07:39:23|INFO|putBusinessAssess|{"uid":"1000000015","data":{"bid":"100000036","bank_name":"\u6f6e\u5dde\u94f6\u884c","house_out1_photo":"OsdTXUYaL5NdnjkaNLr3uTBsimVzENs9Mqbu5GojdIF4AIx2Soz_tirrBD0YwlLx","house_out2_photo":"QX9pJlERJPiDs4zwcgWaTlAvAlNaShqtXsOXonUR3ae8Y8gS8U1h0ze0aeZIRMcS","house_out3_photo":"Ri12bj9wcxELMIgEBahdtJGh51x0HSdBvDT5hzc792i8V9blWz_AlRwXPAPKqaL3","house_out4_photo":"CJsoxfL_z7QqjB5STVlAeDve2TiUCr4Ttakwfwl0SaMP6BDJcwt4GXHT3K5Q0AUU","house_bedroom1_photo":"vcOBz4NlE2qlZZ7ENYDhngiK4In2H8n7gAa5TfTgEVGMwB4-hRPbDBpl5sp9qbqs","house_bedroom2_photo":"Q2GrE5KVe9iJsbPOdF_xJatKPLIuE-VnvxzSLFHY41YusjQ4z-cNR2Avo96-XzRg","house_bedroom3_photo":"gcJgA26T7TgsIqK_degXR1pwmmMffBUQv3mPfjDp03vpCA5PVD3ME082mxxhb0ot","house_living1_photo":"L_OoGrCKsFLeazh6bDyrF6h8QzKvYhUoHTMZnA3Hp6ETRDl4AiK7TbiafdLD8XM6","house_living2_photo":"L_OoGrCKsFLeazh6bDyrF6h8QzKvYhUoHTMZnA3Hp6ETRDl4AiK7TbiafdLD8XM6","house_living3_photo":"L_OoGrCKsFLeazh6bDyrF6h8QzKvYhUoHTMZnA3Hp6ETRDl4AiK7TbiafdLD8XM6","house_kitchen1_photo":"TlW4TQ4DXgiTCJh2qUWBhOVlXBBDAj1R0fTJog06WsaHWhgsJQGAMjqvBCPL3V-2","house_kitchen2_photo":"Ri12bj9wcxELMIgEBahdtCvCSB47blRSBIIPagj03-RGnmCQ3GTGzsyZeF_J0ezL","house_toilet1_photo":"9bboNaLY9FeNRf8vewlUqZmvqbPKOZ96Sn0QJ48TZ29O2nuq_kFUghTSw24pP-hE","house_toilet2_photo":"6cTzyDMkAj9QZljOZ8sUJJqYutN7WQlNlr7ygpnw9QeqvWz8QKHzLlInDRyTIDZt"}}
2017-07-22 07:42:06|INFO|putBusinessSign|{"uid":"1000000034","data":{"bid":"100000037","seller_name":"1","seller_mobile":"1","seller_ID":"1","seller_ID1_photo":"oydZDpmvHo1FMNo4sk42SIhLD2MShYApQlx_3qSK-ZbWOBK8cXYgDyQOor5CzfTA","seller_ID2_photo":"SL5z2OQFpgDjt23oN0OkKXBNFaOK06SZXdZ0N4b5gU4KVPhThT1laZYiX1pHJSwa","buyer_name":"\u4e86","buyer_mobile":"5","buyer_ID":"\u4e86","buyer_ID1_photo":"wkQE4LZ98vNIL1V2p3lMGQyBgYk5CJTx1IZdLXdBAHpi4mIzK4jvWQ5ZS0w6rZ_m","buyer_ID2_photo":"p9pgfmRkbIsi6RwupfzDUXzaisVMukFhjAw27CPQI7lGQbh3FkKNMCbDKAr6gduG","business_price":"2","business_loan":"2","business_fund":"2","business_photo":"sg9T0h24aavXg87GT-8JLx6-hBG42vru3wmzL56GbhhWN4KgQmi6xhlRv4gjs0Mr","house_address":"\u770b","house_prove1_photo":"5Rzrae5wnEVw5ek36q8PV_yPRUJhYlvuPRvJPyWeSoqngfxHAccGtfN41TGj1aKm","house_prove2_photo":"ojx-Ar26x6yEH_ZecvH3r7l_e8vFEi-GXDo3LhHQliTkE5GlHnNJkQVYM4wtzdeI","house_fund_photo":"VD6ePo2KFfaxYEzmwSXZw2d08-G40wgFgfegA1cYf7i3EfqZdVs9vVXulqugZWL9","house_prove_photo":"vpfuoJsCowsfEycH8Tqd-JIFtGPC7xOo6_Ec9DZ0JlPqMWubLpkP6dCAsgmqCYTe"}}
2017-07-22 07:42:08|ERROR|Business.PutBusinessSign|PDOException: Unknown column 'sign_money' in 'field list' in /data/wwwroot/PhalApi/PhalApi/NotORM/NotORM/Result.php:246
Stack trace:
#0 /data/wwwroot/PhalApi/PhalApi/NotORM/NotORM/Result.php(323): NotORM_Result->query('INSERT INTO pa_...', Array)
#1 /data/wwwroot/PhalApi/PhalApi/NotORM/NotORM/Result.php(340): NotORM_Result->insert_multi(Array)
#2 /data/wwwroot/PhalApi/App/Model/Business.php(55): NotORM_Result->insert(Array)
#3 /data/wwwroot/PhalApi/App/Domain/Business.php(31): Model_Business->putBusinessSign('1000000034', '100000037', '500', Array)
#4 /data/wwwroot/PhalApi/App/Api/Business.php(280): Domain_Business->putBusinessSign('1000000034', '100000037', '500', Array)
#5 /data/wwwroot/PhalApi/PhalApi/PhalApi.php(55): Api_Business->putBusinessSign()
#6 /data/wwwroot/PhalApi/Public/app/index.php(19): PhalApi->response()
#7 {main}
2017-07-22 07:51:15|INFO|putBusinessSign|{"uid":"1000000034","data":{"bid":"100000038","seller_name":"1","seller_mobile":"1","seller_ID":"1","seller_ID1_photo":"LK96imVSZU719SihLUacdLeb-zp1OoJqT3I37sHzxqwhLeEsA7RPyqIeHcCcTdB0","seller_ID2_photo":"88dusTgThRkVE21MYku_j5UfMQLp49cL-coAGE3aamHCkNJq2euu0Bbycd4dSh5a","buyer_name":"1","buyer_mobile":"1","buyer_ID":"1","buyer_ID1_photo":"SqT2dLspbKamhvGRDhhQEyyCwWqEFn-6kYzDSct9t1myxZtYVUGC4FKDK5WatMAR","buyer_ID2_photo":"hpXy-UAGhKr2dTBSegIRRWNWWngAfwP_3t6GKsrzm_pU-tycBbL4_D0ohXexptuw","business_price":"1","business_loan":"1","business_fund":"1","business_photo":"Y8RvKBMe-FIWDSYglKO9Oa6_lOS9Ptm7cuBEgFcDN1kD3tyEe5WdHcPkUN9qsGY6","house_address":"1","house_prove1_photo":"hyn-644eNzRWCUytnE-2jpyndLJJHrv8aSIvhzGqT_ex9Zf25U7SfSg88Ez6pSFI","house_prove2_photo":"3ls594PqsqEcOtu7frx5lPqXvJ_OWRlws_QUQO7ax6R--k22Dnu19PvhFmxhlhJS","house_fund_photo":"BptnxlvHOrxOOsKYhoowfvhUQGR6ApdKLCqVkcsaR9nlwr10qyEdOEB_497MMfbq","house_prove_photo":"NGqL-Scg7elGqHZJ1huO9aOXO4NG-6IbzLHVra-v6hsu0Ki1W-9hD7S4ghTxxXDB"}}
2017-07-22 07:52:16|INFO|putBusinessAssess|{"uid":"1000000034","data":{"bid":"100000038","bank_name":"\u4e2d\u56fd\u94f6\u884c","house_out1_photo":"CsuS0swsQnIjurGnq-aYGxBsNyHtNjtZUaVRdc2m1uJOar-FnIxOwDR_wHVNvJyb","house_out2_photo":"QHEUJlJEkZnhHuL_FH0VvXIWtM6AiMw94NEMRTA3qSfPxHGWqFMYCfElM7w8LFMb","house_out3_photo":"z6JMjxXqBP9OEyI54EdJKvNthPC7F3GzDj2ukEz-hZVzczrglfB3F_7MUAK8okqE","house_out4_photo":"QoRzkkFOYX0P5FaMGtb3GYIdkjPGmdFdjpU1A_fcfEZAVzvAkVwFUHaM1Laoj19p","house_bedroom1_photo":"hpXy-UAGhKr2dTBSegIRRWjQDn-BjYBl9CtWq7LaZ2DskY0wQ3j2H_ebrpcJymkn","house_bedroom2_photo":"SqT2dLspbKamhvGRDhhQE7ZxM4SLGkIlCXKHKxN7AptihOat81WrAl_Fo3-nFWW8","house_bedroom3_photo":"hyn-644eNzRWCUytnE-2jjsZLPFcRqsMUEK9qQTHUWIIMU-byee6LxuBwD4fWheX","house_living1_photo":"H1H97sEggnBxaggX59TaICh9X9XAVS1xJUoSjsFWdXiZdFQVpTSaO6x2V3nVFt5w","house_living2_photo":"H1H97sEggnBxaggX59TaICh9X9XAVS1xJUoSjsFWdXiZdFQVpTSaO6x2V3nVFt5w","house_living3_photo":"H1H97sEggnBxaggX59TaICh9X9XAVS1xJUoSjsFWdXiZdFQVpTSaO6x2V3nVFt5w","house_kitchen1_photo":"88dusTgThRkVE21MYku_jyoGNdEqmZgUu2TxI7Vrv96WyNHM5wRpKnymDO-tbnc8","house_kitchen2_photo":"8PT_b728_E5113m6GMSU5batel0cm3X5AIIeAK_ctnaVSPAAjqeguBxDsEa1ksrk","house_toilet1_photo":"QIEIVUTyc9wsTJoi9OjDnKHueJG9pHVo4MXYVeEMOR_-Ua-syk3lpWsYJNafTNCh","house_toilet2_photo":"wLAXDy0L5h4gUP47VJRxjAkxxhmd_cCIuXsjO6ML5iLjDmBWQN4FeCUXhk0O3nOv"}}
2017-07-22 08:06:10|INFO|putBusinessSign|{"uid":"1000000015","data":{"bid":"100000039","seller_name":"1","seller_mobile":"1","seller_ID":"1","seller_ID1_photo":"uOuYEtJ6cwDmSiBXJCdMqmGyLK5-yYC0UO6-7sTtoY5CAIScaXS5kMkdMKJMt-xl","seller_ID2_photo":"jlXh-PPhJ7TdvpwXJJGWNNauNaE1ocAwugcz9xYePpAC170VJHalo-Q1kJcWyYHR","buyer_name":"\u6211","buyer_mobile":"1","buyer_ID":"\u6211","buyer_ID1_photo":"GRknbO0COxMeSldJyJvuin4kYgE2Vji0QwsJnl2-5PV54p1tpXNT9ldiNB4xnwnB","buyer_ID2_photo":"hopNjj98qRB0ZVbJwcbm6qky0ZKVCY5Uh0cvpxLQ97zIFI8u56fe1--vvXEJr1OK","business_price":"1","business_loan":"1","business_fund":"1","business_photo":"6aBMAfZhmF7UeH7og9tsswk7Ffu28US9xZhac0Bs_voKvq5F_N9tY1C5gCnatreN","house_address":"\u6211","house_prove1_photo":"Ps3KPBlYnmM5beEoMw5n4JT80ujaQbVaq7ZDaDwhTYN9Wf4lrhCjsBYbACrQWLRY","house_prove2_photo":"0k8PngjeZxJ-kH2LJZVIoSnMe2l039y-4hH-PnvN6TkG9uYxQZe6z8EBqRsRP9Io","house_fund_photo":"kbLoe5nO5gUHT3U43nxc1T1mAQKz6s3DEniCg8o7r35UWHRImP4etlNxB9aJrROT","house_prove_photo":"fvjA8RPPxzHrk8lOcjzhaKnhNmXkiL3qlPw8IFwDH-Z8wwgWlU0oNb7xdVE87maA"}}
2017-07-22 08:07:20|INFO|putBusinessAssess|{"uid":"1000000015","data":{"bid":"100000039","bank_name":"\u5357\u4eac\u94f6\u884c","house_out1_photo":"vXQ373gmjbNDkKX2fqarV4NRTgDIResHojLCSxfb1qoTfy9BGHFLVuvXLCEYznyP","house_out2_photo":"KoysZYCpD85DyvBr_N_ZATubkzZ8e6h5_uRO56rkn7BQe8MY_g8FNoINuK1tDrwX","house_out3_photo":"iDebUgJ_ObkZ6ZJfdzguKNjHHH47uSQBkinwthBVjGNwEe5nrswSS6mD9Ftfr0iz","house_out4_photo":"rW3tpattqzsXvtjUZk5PkIIhBE6PO0ca2A3TppYuudqPDQTZH9oe8uuUCRYfABJ2","house_bedroom1_photo":"vXQ373gmjbNDkKX2fqarV-7EVbS3VGPIw1C52PHOpOGZb1qMx3u4BtCxnA4RdByO","house_bedroom2_photo":"AJ0MLBuN_Xev0hjE09FG2Q7d1bm4F_mR9suFPOw4tD8tM5PhXQ7B4lC5b1j7z4d7","house_bedroom3_photo":"uRlRsMOT2TQ8fAtYaTBQxwO5WdxB4WjaNJQpu457fqgjJBxFU4igzvXbQPpMBGmY","house_living1_photo":"puiJiahnIgzXUNWhy6Rh0EWkXhV1bzo9QhvNuLmqoojVAporl4_ab2CXNKjVW7GJ","house_living2_photo":"puiJiahnIgzXUNWhy6Rh0EWkXhV1bzo9QhvNuLmqoojVAporl4_ab2CXNKjVW7GJ","house_living3_photo":"puiJiahnIgzXUNWhy6Rh0EWkXhV1bzo9QhvNuLmqoojVAporl4_ab2CXNKjVW7GJ","house_kitchen1_photo":"Uhk4ARSs2HK6Vxd3V42V-scCxjtWJi_Pd1rgA-9GGITkvdH_pqTSsdj-GKEDCuF_","house_kitchen2_photo":"dYCpJRvIlT1qlO-M5DCY21cPmd0-AIIkVFJ63xI_kXUrHUeAsgJWM4wJKcgXMgRx","house_toilet1_photo":"Uhk4ARSs2HK6Vxd3V42V-jxjLNIRQJ6auyeXFhMtdZNWE36y_zuBPSKikCU2HVL3","house_toilet2_photo":"1C6NWvsGS5plMJTZ8S5hTRBrBZ6wBPBx2tv9j5MxhYdx8HtBkzvSmwXtS_X-WcTb"}}
2017-07-22 08:29:25|ERROR|Business.GetBusinessList|PDOException: You have an error in your SQL syntax; check the manual that corresponds to your MySQL server version for the right syntax to use near '== 3 or c.status == 2 or c.status == 4) order by a.create_dt desc limit 0,10' at line 1 in /data/wwwroot/PhalApi/PhalApi/NotORM/NotORM/Result.php:246
Stack trace:
#0 /data/wwwroot/PhalApi/PhalApi/NotORM/NotORM/Result.php(883): NotORM_Result->query('select a.*,b.st...', Array)
#1 /data/wwwroot/PhalApi/App/Model/Business.php(101): NotORM_Result->queryRows('select a.*,b.st...', Array)
#2 /data/wwwroot/PhalApi/App/Domain/Business.php(43): Model_Business->getBusinessList(1, 10, 0, '0', '1')
#3 /data/wwwroot/PhalApi/App/Api/Business.php(402): Domain_Business->getBusinessList(1, 10, 0, '0', '1')
#4 /data/wwwroot/PhalApi/PhalApi/PhalApi.php(55): Api_Business->getBusinessList()
#5 /data/wwwroot/PhalApi/Public/app/index.php(19): PhalApi->response()
#6 {main}
2017-07-22 08:29:55|ERROR|Business.GetBusinessList|PDOException: You have an error in your SQL syntax; check the manual that corresponds to your MySQL server version for the right syntax to use near '== 3 or c.status == 2 or c.status == 4) order by a.create_dt desc limit 0,10' at line 1 in /data/wwwroot/PhalApi/PhalApi/NotORM/NotORM/Result.php:246
Stack trace:
#0 /data/wwwroot/PhalApi/PhalApi/NotORM/NotORM/Result.php(883): NotORM_Result->query('select a.*,b.st...', Array)
#1 /data/wwwroot/PhalApi/App/Model/Business.php(101): NotORM_Result->queryRows('select a.*,b.st...', Array)
#2 /data/wwwroot/PhalApi/App/Domain/Business.php(43): Model_Business->getBusinessList(1, 10, 0, '0', '1')
#3 /data/wwwroot/PhalApi/App/Api/Business.php(402): Domain_Business->getBusinessList(1, 10, 0, '0', '1')
#4 /data/wwwroot/PhalApi/PhalApi/PhalApi.php(55): Api_Business->getBusinessList()
#5 /data/wwwroot/PhalApi/Public/app/index.php(19): PhalApi->response()
#6 {main}
2017-07-22 08:30:35|ERROR|Business.GetBusinessList|PDOException: You have an error in your SQL syntax; check the manual that corresponds to your MySQL server version for the right syntax to use near '== 3 or c.status == 2 or c.status == 4) order by a.create_dt desc limit 0,10' at line 1 in /data/wwwroot/PhalApi/PhalApi/NotORM/NotORM/Result.php:246
Stack trace:
#0 /data/wwwroot/PhalApi/PhalApi/NotORM/NotORM/Result.php(883): NotORM_Result->query('select a.*,b.st...', Array)
#1 /data/wwwroot/PhalApi/App/Model/Business.php(101): NotORM_Result->queryRows('select a.*,b.st...', Array)
#2 /data/wwwroot/PhalApi/App/Domain/Business.php(43): Model_Business->getBusinessList(1, 10, 0, '0', '1')
#3 /data/wwwroot/PhalApi/App/Api/Business.php(402): Domain_Business->getBusinessList(1, 10, 0, '0', '1')
#4 /data/wwwroot/PhalApi/PhalApi/PhalApi.php(55): Api_Business->getBusinessList()
#5 /data/wwwroot/PhalApi/Public/app/index.php(19): PhalApi->response()
#6 {main}
2017-07-22 08:34:10|ERROR|Business.GetBusinessCount|PDOException: Column 'status' in where clause is ambiguous in /data/wwwroot/PhalApi/PhalApi/NotORM/NotORM/Result.php:246
Stack trace:
#0 /data/wwwroot/PhalApi/PhalApi/NotORM/NotORM/Result.php(883): NotORM_Result->query('select count(*)...', Array)
#1 /data/wwwroot/PhalApi/PhalApi/NotORM/NotORM/Result.php(874): NotORM_Result->queryRows('select count(*)...', Array)
#2 /data/wwwroot/PhalApi/App/Model/Business.php(117): NotORM_Result->queryAll('select count(*)...', Array)
#3 /data/wwwroot/PhalApi/App/Domain/Business.php(47): Model_Business->getBusinessCount(0, '0', '0')
#4 /data/wwwroot/PhalApi/App/Api/Business.php(423): Domain_Business->getBusinessCount(0, '0', '0')
#5 /data/wwwroot/PhalApi/PhalApi/PhalApi.php(55): Api_Business->getBusinessCount()
#6 /data/wwwroot/PhalApi/Public/app/index.php(19): PhalApi->response()
#7 {main}
