2017-07-11 09:55:48|ERROR|Business.GetBusinessList|PDOException: You have an error in your SQL syntax; check the manual that corresponds to your MySQL server version for the right syntax to use near '= 1000000007 order by create_dt desc limit 0,10' at line 1 in /data/wwwroot/PhalApi/PhalApi/NotORM/NotORM/Result.php:246
Stack trace:
#0 /data/wwwroot/PhalApi/PhalApi/NotORM/NotORM/Result.php(883): NotORM_Result->query('select * from p...', Array)
#1 /data/wwwroot/PhalApi/App/Model/Business.php(93): NotORM_Result->queryRows('select * from p...', Array)
#2 /data/wwwroot/PhalApi/App/Domain/Business.php(43): Model_Business->getBusinessList(1, 10, 1000000007)
#3 /data/wwwroot/PhalApi/App/Api/Business.php(330): Domain_Business->getBusinessList(1, 10, 1000000007)
#4 /data/wwwroot/PhalApi/PhalApi/PhalApi.php(55): Api_Business->getBusinessList()
#5 /data/wwwroot/PhalApi/Public/app/index.php(19): PhalApi->response()
#6 {main}
2017-07-11 10:25:52|INFO|putBusinessAssess|{"uid":null,"data":{"bid":"1"}}
2017-07-11 10:29:18|INFO|putBusinessAssess|{"uid":"1000000008","data":{"bid":"43","seller_name":"\u6211","seller_mobile":"\u6211","seller_ID":"\u6211","seller_ID1_photo":"dZs07BIX5qIxCp1UsaFS4ntSeeU2wfn5Li9B-E9xeMZe9HzwcblfZm8BdzVfHLDb","seller_ID2_photo":"yA_p2IHBf8p0hrKE9l1Cx0I7fWbX_hZ_apbjbX3ZCQ08pXVDeIzdCxtub-D5eUj3","buyer_name":"\u6211","buyer_mobile":"\u6211","buyer_ID":"\u6211","buyer_ID1_photo":"pkxXiLEEJut7I01QBZINM3P_NxNFyFmIehaobsr8979UT667CJPw3TdxwXY5F33Q","buyer_ID2_photo":"dZs07BIX5qIxCp1UsaFS4gtB3AqMyvYgk-KvxaATxDrzGKGzpCV9aCYSOlqpUP9Z","business_price":"\u6211","business_loan":"\u6211","business_fund":"\u6211","business_photo":"ACcw4ZQcVGaGmBp95iScjTL_EPJdcQN4uUNQ2Bz1wEWXpf5oFZTfJz6Md8FfR8c1","house_address":"\u6211","house_prove1_phpto":"mz4LJhtAJUywIL4l8aFdfEMw2OnY9dxw0XvYph41DR7AjjMNAQwIEZPCiWeND_Hy","house_prove2_phpto":"MZ_ni5XdOJEbTNCvkhhYeJMmVLL2m1nOcyvncrmA9xBciCcRRz0ZmkkoeQ-ivJBH","house_prove3_phpto":"ezqb8giRiWL4-3uNlv6sLMVYhcarCMR2rkkbu8lEVX4sgmb8ujiJKjDpdvCORVYl","house_prove4_phpto":"fn5UOLLsaAUZdBTJgJwFFQE1E7pyYe0R1PXWuyWalADv7xn1ep668UgsHQyFM_V0","house_fund_photo":"Ff4Ulu7SBpu9HjANttfCW89QSWpKjR6lhOVk2ettHdZes3kLiKqJ3KL--6QNlCtu","house_prove_photo":"Wb609GmIEe-86kZzi6zQsK1SzzEYpQHFiZM2Hz_MCVSHeVodp2Wnd1HxtBESZUTH"}}
2017-07-11 10:33:16|INFO|putBusinessAssess|{"uid":"1000000008","data":{"bid":"44","seller_name":"\u6211","seller_mobile":"\u6211","seller_ID":"\u6211","seller_ID1_photo":"Foa0OM2aT2CRcEMPhttDuGckWkkJI1wsn8mkJ1GOFLXMaBLOlZc9hhHEoxx8NSYt","seller_ID2_photo":"HTGjtfhR2Dz0AiWHirEKSm-ciPLj8t2WqbHt1gSSbz7Crf3grkJHJqlgVsAJEvVl","buyer_name":"\u6211","buyer_mobile":"\u6211","buyer_ID":"\u6211","buyer_ID1_photo":"cEpLBk3IQxHps3NBSQMN_y-wjfJ_lS_FBBlOrOKIfNa1UMtAzjJRdBWE4bNECyne","buyer_ID2_photo":"2kQU0EO2rrqw00UF72n2GtjLVz7hhLxSBva55WlTYAkCQA38UqgroG0qJgiRHFE8","business_price":"1","business_loan":"\u6211","business_fund":"\u6211","business_photo":"13gLLwxohoTN6Gs3LyFrRx3euACSeL_xpZsexFHGHJs4Ql6hR85vGAlGAJK6eH4L","house_address":"\u6211","house_prove1_phpto":"bxIIOpXIT-v0-OP6KauLVt2auHpKsL1bFhm7sVLCsB1B_gjNjPMlN-nzkl8mrifA","house_prove2_phpto":"QMc58C_JLlcRMDnQuAI-QvaSSJBxw9JRjSLUU0X6ddkveEMscQE8TXw2iFAB-UqU","house_prove3_phpto":"AHHafzmNxDaroOctgw6xjBzKvxIWipA_NKmhR0-_rVy6JhwLNXFuQ-jUXDOQuaOS","house_prove4_phpto":"TFKz1-ViDlApnb-GS0NVkiacc8w2Mil40fXfrlY8HoXiKjXH2tDgOg5cxQkdksP9","house_fund_photo":"oNlnXTd_F4iLwleJWBP1Woi0q5nTv8UDftG9nEXo6xaQfsjAwjzsEp5RsSVqj0k5","house_prove_photo":"Wmy5WcIxd-DtJPpC328ZbqBTdGljeUnbT-8XbxyrkwY4FOURlThrA1-DLe45Eo3_"}}
2017-07-11 10:40:40|ERROR|Business.PutBusinessSign|PDOException: Unknown column 'house_address' in 'field list' in /data/wwwroot/PhalApi/PhalApi/NotORM/NotORM/Result.php:246
Stack trace:
#0 /data/wwwroot/PhalApi/PhalApi/NotORM/NotORM/Result.php(393): NotORM_Result->query('UPDATE pa_busin...', Array)
#1 /data/wwwroot/PhalApi/App/Model/Business.php(56): NotORM_Result->update(Array)
#2 /data/wwwroot/PhalApi/App/Domain/Business.php(31): Model_Business->putBusinessSign('1000000008', '45', Array)
#3 /data/wwwroot/PhalApi/App/Api/Business.php(217): Domain_Business->putBusinessSign('1000000008', '45', Array)
#4 /data/wwwroot/PhalApi/PhalApi/PhalApi.php(55): Api_Business->putBusinessSign()
#5 /data/wwwroot/PhalApi/Public/app/index.php(19): PhalApi->response()
#6 {main}
2017-07-11 10:41:56|INFO|putBusinessSign|{"uid":"1000000008","data":{"bid":"46","seller_name":"\u6211","seller_mobile":"\u6211","seller_ID":"\u6211","seller_ID1_photo":"RDWC0WzLOkKq9KNF7bQJfb872K0lCuyBHRIZtd2ImxePAlPlus8CZbMY6Kg_Bmn0","seller_ID2_photo":"e7GEC47WFTlM3H_tjSkoBNp5airLpjveY_YGA5VnvqE4_4A6LR6PXg-JUeNUV49m","buyer_name":"\u6211","buyer_mobile":"\u6211","buyer_ID":"\u6211","buyer_ID1_photo":"qGxJecN7aAJAkDWe8dKZJScatzvf1wiGiC4rZRvikp7jjpQl1VMCWjvmU8iY2goB","buyer_ID2_photo":"8dhi7raVi2DwssIrGePdqRNBrd7dULFhcyDRLCJbyZsaHseL3kXgGVzmeSec8dRq","business_price":"\u6211","business_loan":"\u6211","business_fund":"\u6211","business_photo":"ahaTYkaCj_hxFGAyDv9byNxqja3IAwWXieEiBcJRsGu1OpGs32xAt43-VPxPRw5y","house_address":"\u6211","house_prove1_phpto":"TjX7qgsyckjiH5dCrUvp2mHe7USQHlGFqJ4E5oEy0-josfv7E-lxuIJ6EEgN3CdY","house_prove2_phpto":"HhyuQWskNnic_aSnFy6deKbmHp4ui8kp_k3Z3iZ6I4jzr19UYxo5M3B5R2FiSnJ7","house_prove3_phpto":"62vBkejlZdDTq-jZecpFsc3WGz5qC4vfF2637GgfnXDsqpqsbzefYkmMx9LIyA3x","house_prove4_phpto":"_kzJLQdUS7p1eXy_xSbZAWfhE0548Qxh9EaHQzp9I4mm4aLMYgbmhXqo7SqK-I-o","house_fund_photo":"GEJmavqsbBbwF8GpftnRo6nQU2gYTfk8tayJtSi_oofzNqPvB-R4q8hdE7NfzpBs","house_prove_photo":"kHMnM4mw1SQWod8EXgvubxn0l25oHQGkjU7HhsFHCGknNRPXqddr2tdKLqh-RylA"}}
2017-07-11 10:42:24|ERROR|Business.PutBusinessSign|PDOException: Unknown column 'house_address' in 'field list' in /data/wwwroot/PhalApi/PhalApi/NotORM/NotORM/Result.php:246
Stack trace:
#0 /data/wwwroot/PhalApi/PhalApi/NotORM/NotORM/Result.php(393): NotORM_Result->query('UPDATE pa_busin...', Array)
#1 /data/wwwroot/PhalApi/App/Model/Business.php(56): NotORM_Result->update(Array)
#2 /data/wwwroot/PhalApi/App/Domain/Business.php(31): Model_Business->putBusinessSign('1000000008', '46', Array)
#3 /data/wwwroot/PhalApi/App/Api/Business.php(220): Domain_Business->putBusinessSign('1000000008', '46', Array)
#4 /data/wwwroot/PhalApi/PhalApi/PhalApi.php(55): Api_Business->putBusinessSign()
#5 /data/wwwroot/PhalApi/Public/app/index.php(19): PhalApi->response()
#6 {main}
2017-07-11 11:06:26|INFO|putBusinessSign|{"uid":"1000000008","data":{"bid":"47","seller_name":"\u6211","seller_mobile":"\u6211\u7684","seller_ID":"\u6211","seller_ID1_photo":"d701pIaJx5hsU_fUenFshZPgzpl5p8T22bjXAA2G4C-U1KNUWbSCH5V5yvkh1QJE","seller_ID2_photo":"8h2cuHqumxqBRF1RMyqwH7_EpCnRkiuhHW2ltGbso-wptgfkbjF7ZUatgBGGIif0","buyer_name":"\u6211","buyer_mobile":"\u6211","buyer_ID":"\u6211","buyer_ID1_photo":"bEeNqpbzXlVzZjEfy90VjqsGQpM381rsCLUV4Z3dNcKtVrADNhi0bPriB6qSWypG","buyer_ID2_photo":"HHBVa15EJXejqBQ8ip061YTJuNu8I0d_RkEQ3k0Po4_ydd9EYHCxDML6Hb74GYIX","business_price":"\u6211","business_loan":"\u6211","business_fund":"\u6211","business_photo":"JB-UriGH4l7LYlKTFmwkj7SZU1nr2KHTfODLZvquAJabV51iyi8diZbjFQf1hMgJ","house_address":"\u6211","house_prove1_phpto":"Zdcs3Cp9n8nwk78iwen1XcEbgYM9DiPT3qvF6QYYwwp2t-RCoMwuPGYJIqQ3YvNf","house_prove2_phpto":"LcWW3lX4H7iQi61Sdr6rV9m4WxEt3lgCunNoj5fGtWsPELjGmywFVRgTSQ8JrqC1","house_prove3_phpto":"u4Yk8HUXLAac0hnXNrVH-aTXVg_l-3o7L7D5vsvD8NO9EJnR4Ty2vSe72TAbFY8t","house_prove4_phpto":"BjGRNTnS9qBUjOtBomCJYvHUlT7po_oJBrM8elKGKlkET_ISTWVG9GASWNgpGBcP","house_fund_photo":"YSR1Hcw2t_1N2fSEcI0UBUCAlEe657LxDIobBp3l9I68qYWDyHSbwuZusAUgI0BA","house_prove_photo":"KTgfNjEuDluyIEsdJyixPe5ryoPVP5pCBlWDdtfryt_oYi7OOUtU3we7ALGh1yUV"}}
2017-07-11 11:06:54|ERROR|Business.PutBusinessSign|PDOException: Unknown column 'house_prove1_phpto' in 'field list' in /data/wwwroot/PhalApi/PhalApi/NotORM/NotORM/Result.php:246
Stack trace:
#0 /data/wwwroot/PhalApi/PhalApi/NotORM/NotORM/Result.php(393): NotORM_Result->query('UPDATE pa_busin...', Array)
#1 /data/wwwroot/PhalApi/App/Model/Business.php(56): NotORM_Result->update(Array)
#2 /data/wwwroot/PhalApi/App/Domain/Business.php(31): Model_Business->putBusinessSign('1000000008', '47', Array)
#3 /data/wwwroot/PhalApi/App/Api/Business.php(220): Domain_Business->putBusinessSign('1000000008', '47', Array)
#4 /data/wwwroot/PhalApi/PhalApi/PhalApi.php(55): Api_Business->putBusinessSign()
#5 /data/wwwroot/PhalApi/Public/app/index.php(19): PhalApi->response()
#6 {main}
2017-07-11 11:11:16|ERROR|Role.getSellerList|PDOException: Unknown column 'a.crete_dt' in 'field list' in /data/wwwroot/PhalApi/PhalApi/NotORM/NotORM/Result.php:246
Stack trace:
#0 /data/wwwroot/PhalApi/PhalApi/NotORM/NotORM/Result.php(883): NotORM_Result->query('select a.uid,a....', Array)
#1 /data/wwwroot/PhalApi/App/Model/Role.php(73): NotORM_Result->queryRows('select a.uid,a....', Array)
#2 /data/wwwroot/PhalApi/App/Domain/Role.php(52): Model_Role->getSellerList(1, 10)
#3 /data/wwwroot/PhalApi/App/Api/Role.php(100): Domain_Role->getSellerList(1, 10)
#4 /data/wwwroot/PhalApi/PhalApi/PhalApi.php(55): Api_Role->getSellerList()
#5 /data/wwwroot/PhalApi/Public/app/index.php(19): PhalApi->response()
#6 {main}
2017-07-11 11:21:07|INFO|putBusinessSign|{"uid":"1000000008","data":{"bid":"48","seller_name":"\u6211","seller_mobile":"\u6211","seller_ID":"\u6211","seller_ID1_photo":"yTj7WBJmUVE1kQpehAZYmhzg_UOhE9iPVGTMov2KwBLqRPhCOFAVAdEn4EBYxPlv","seller_ID2_photo":"lt4NH5y0C2Gq_P3y1mzKVPN6QwAZDLtB7rs6lLkMCAJXeOey0q6WrIIUEH2R_NZo","buyer_name":"\u6211","buyer_mobile":"\u6211","buyer_ID":"\u6211","buyer_ID1_photo":"oftzwUoSrNePDELsjHEcd4n9Y1DX8EGxz7pg83TyB7LV3Ka7fZs3JP4Ptw1sQnA8","buyer_ID2_photo":"3_umgYRG9IGCoNNGj1EznnOh1c3bFPDa5cUfaZNWrA96Q3xe-DNgY3hTYFP3ZEzk","business_price":"\u6211","business_loan":"\u6211","business_fund":"\u6211","business_photo":"HT6ZirBzxGgAhK7S6Un55RqDU2ixy3Q0as1Mf4GCCWqApl5jF6b3fm3Xcl3lTZeO","house_address":"\u6211","house_prove1_phpto":"tiz20PiP3T14EARvMGQ1UDrFwx5-XtQnUcXgIQwFar9r05md28l9Pv-7NOLIP1qS","house_prove2_phpto":"-vpA-C_L11F191yeYts-F2KKblmvIVuRMgs8V7fSbu8yBdrEzVMdMogpStPxitv2","house_prove3_phpto":"DWMEAMcsR0On-c09yfY5sC9DS6teI6AwnSJrZJyaipMjfKqNaaNEhoDvBdFr42sH","house_prove4_phpto":"2luNBfzLXXVZcSgNzgR6JSLYO_bfRh0fTe0fJUIJYmPTW-i8_yeDt7GEuS_t-kkU","house_fund_photo":"tfPw_NGO_k5zUxrIwUGqR665vQTYLEymvScGVutX0CwfzHVIk6kl1hZmJcDHLE8f","house_prove_photo":"eE3tI1XwBRsw3mDDhYQ1c6icgB1o2Qj3No7MmZrreqjhs_3qhG5r_JfCFGJmmANl"}}
2017-07-11 11:21:35|ERROR|Business.PutBusinessSign|PDOException: Unknown column 'house_prove1_phpto' in 'field list' in /data/wwwroot/PhalApi/PhalApi/NotORM/NotORM/Result.php:246
Stack trace:
#0 /data/wwwroot/PhalApi/PhalApi/NotORM/NotORM/Result.php(393): NotORM_Result->query('UPDATE pa_busin...', Array)
#1 /data/wwwroot/PhalApi/App/Model/Business.php(56): NotORM_Result->update(Array)
#2 /data/wwwroot/PhalApi/App/Domain/Business.php(31): Model_Business->putBusinessSign('1000000008', '48', Array)
#3 /data/wwwroot/PhalApi/App/Api/Business.php(220): Domain_Business->putBusinessSign('1000000008', '48', Array)
#4 /data/wwwroot/PhalApi/PhalApi/PhalApi.php(55): Api_Business->putBusinessSign()
#5 /data/wwwroot/PhalApi/Public/app/index.php(19): PhalApi->response()
#6 {main}
2017-07-11 11:29:16|INFO|putBusinessSign|{"uid":"1000000008","data":{"bid":"49","seller_name":"\u6211","seller_mobile":"\u6211","seller_ID":"\u6211","seller_ID1_photo":"HI7m0kE4NZqkg9YuI4DYJMDgKQwhCSAqaKL7ygwf3C4-e9GfG72D6oQYjouo9Y0r","seller_ID2_photo":"SLhN6gZZ4KxC-Awr_l-A0Xls7PQW80JTh1GMmnwsV9G6sAEPZmwje6bSlUhOIe41","buyer_name":"\u6211","buyer_mobile":"\u6211","buyer_ID":"\u6211","buyer_ID1_photo":"mSsyVMLq_crZiF8zvH7yTvcuLe4J4ezqqYntgWcDragUZwIM9GrzjEhOuApBfHOJ","buyer_ID2_photo":"AdzmoNrKXQpkVrPh6tGBwOWX8atkspf_LF-Pf-Kcmlm8WGhQePpeUf1MiEx8qloa","business_price":"\u6211","business_loan":"\u6211","business_fund":"\u6211","business_photo":"vxCgTz2C8CfKoy7YvuRRSfRry0Ufe8VHMDekV4fP4L61u4kKEuutLj_LRnWngC30","house_address":"\u6211","house_prove1_photo":"Zj0clBPpKnRYCjywwd57JCVwoM3A8w-qY9o0QNu0f0e26v_NO2SSLfDI3oH36bia","house_prove2_photo":"5xOKU6EuUPTGnCzZ8rS0l_Tf6n6rRHqOTSueykx8iGUPb1jO0VosFBwK9szpfSMb","house_prove3_photo":"h5rCyyA9sPnJS7eSiHTN61hi8DqYtoUY_ifQDrb28lMAu_uifE3Hta0Rruq3dE70","house_prove4_photo":"JbHgDoa2y9Bb7XOG4B5KAjld4OenhI2AwwINMP75MxZMC4hgJi6Bx5eVjWFg-k_g","house_fund_photo":"8TKUWbBtG-2gO0p6o8h7PkxBbZXlHQp9uN4SCTMh_IZM8I0NnPPBm2wLdP21hVm_","house_prove_photo":"8JKJiKNBzTrVo_z70bxhKqP9AL8YLZOCoy6m0gamwPEDVwlFXegMAQp-LNJQqcPX"}}
2017-07-11 11:29:59|ERROR|Business.PutBusinessSign|PDOException: Data truncated for column 'business_price' at row 1 in /data/wwwroot/PhalApi/PhalApi/NotORM/NotORM/Result.php:246
Stack trace:
#0 /data/wwwroot/PhalApi/PhalApi/NotORM/NotORM/Result.php(393): NotORM_Result->query('UPDATE pa_busin...', Array)
#1 /data/wwwroot/PhalApi/App/Model/Business.php(56): NotORM_Result->update(Array)
#2 /data/wwwroot/PhalApi/App/Domain/Business.php(31): Model_Business->putBusinessSign('1000000008', '49', Array)
#3 /data/wwwroot/PhalApi/App/Api/Business.php(220): Domain_Business->putBusinessSign('1000000008', '49', Array)
#4 /data/wwwroot/PhalApi/PhalApi/PhalApi.php(55): Api_Business->putBusinessSign()
#5 /data/wwwroot/PhalApi/Public/app/index.php(19): PhalApi->response()
#6 {main}
2017-07-11 11:30:17|ERROR|WeiChat.index|PDOException: Column 'openid' cannot be null in /data/wwwroot/PhalApi/PhalApi/NotORM/NotORM/Result.php:246
Stack trace:
#0 /data/wwwroot/PhalApi/PhalApi/NotORM/NotORM/Result.php(323): NotORM_Result->query('INSERT INTO pa_...', Array)
#1 /data/wwwroot/PhalApi/PhalApi/NotORM/NotORM/Result.php(340): NotORM_Result->insert_multi(Array)
#2 /data/wwwroot/PhalApi/App/Model/WeiChat.php(28): NotORM_Result->insert(Array)
#3 /data/wwwroot/PhalApi/App/Domain/WeiChat.php(26): Model_WeiChat->postUserInfo(Array)
#4 /data/wwwroot/PhalApi/App/Api/WeiChat.php(48): Domain_WeiChat->postUserInfo(Array)
#5 /data/wwwroot/PhalApi/App/Api/WeiChat.php(19): Api_WeiChat->oauth2('register', '061DFqKr0Mf70c1...')
#6 /data/wwwroot/PhalApi/PhalApi/PhalApi.php(55): Api_WeiChat->index()
#7 /data/wwwroot/PhalApi/Public/app/index.php(19): PhalApi->response()
#8 {main}
2017-07-11 14:03:16|INFO|putBusinessSign|{"uid":"1000000008","data":{"bid":"50","seller_name":"\u6211","seller_mobile":"\u6211","seller_ID":"\u6211","seller_ID1_photo":"8pv7Y7ymar2iFT3RwKUl6v5GIo5GB7N2a_ijDYkq63f6rzNxqKg1UN7Nxco32Vgb","seller_ID2_photo":"qe9rDSh8gNL39-UWF2NvumKwML8_fKDNaGT3V_AZxunocjJLqigMiQOsgYP6gCeZ"}}
2017-07-11 14:07:26|INFO|putBusinessSign|{"uid":"1000000008","data":{"bid":"51","seller_name":"\u4f60","seller_mobile":"\u4f60","seller_ID":"\u4f60","seller_ID1_photo":"_P_AWnWABQP0kXIoSY8K8bVOBRvbpTBuRwDMAj1pB6Wy4fWeV_dKj9fz-etqGiVF","seller_ID2_photo":"CnF9T9xPhOnDqCzi4iizA5agGJxQ6pAeiRoylwv1ugumEhvlL3u77IeM5j6VPMJP"}}
2017-07-11 14:11:06|INFO|putBusinessSign|{"uid":"1000000008","data":{"bid":"52","seller_name":"\u6211","seller_mobile":"\u6211","seller_ID":"\u6211","seller_ID1_photo":"8Pm19ycKJirsMEZeTlYyNeTSvN4cL64CJxsMboClfHArA8LXDgRg--1vLeAA6qfV","seller_ID2_photo":"bUWDZacMmVHU1yEuZojlPsxn_JrccO8Nylab8tpFkqx-os3nb_e0beIa0OWajbIY","buyer_name":"\u6211","buyer_mobile":"\u6211","buyer_ID":"\u6211","buyer_ID1_photo":"a6EntyZhSpf3SlugZdVcpEDQvEFjJpCsm8fXSD22EZILkQ94klfpM04T6GvjvXHN","buyer_ID2_photo":"Zd30fasSMyCv5RRsoGGHE1dqxr7U5XuznNvBih5etPFD2jDZh2TbIw0GAzHXoXFr","business_price":"\u6211","business_loan":"\u6211","business_fund":"\u6211","business_photo":"nxZh6LNn8pVY_FgzmOFVim9K1M8aY0bAENWp-Eb5XRc6V-MLldzXHUv8SmUXPCtf","house_address":"\u6211","house_prove1_photo":"nxZh6LNn8pVY_FgzmOFVirDJTQsBRy0dpgUtjAjwcvht__JqdFPxh7XanwAzr_3X","house_prove2_photo":"-mzIbA6FdJzI3wi9W2tJDeIzwndSlVymVPYMhMr_rOYeRJHowmw56nHVKQz2Nmy6","house_prove3_photo":"8Pm19ycKJirsMEZeTlYyNd5gL77qX8Or-d3aA-RCRXwaAKLwNIfExR6EQVglB9LL","house_prove4_photo":"ufsbEiDPKNMuqSRUhCmicIVq7L0uAGEVBlN6JBrD66xl4JDUcS18x9MMi_LPgAwC","house_fund_photo":"CoZLIDiaWG5LAvrTCRanMXw2VCcJXoQWz9OfoNL353Kt4bBJK25wSsmnWLTellqt","house_prove_photo":"qe9rDSh8gNL39-UWF2NvupiWi-XlclmKRBSxrbiHEBn3oQrI7y9wywe9-GlXwTjS"}}
2017-07-11 14:11:15|ERROR|Business.PutBusinessSign|PDOException: Data truncated for column 'business_price' at row 1 in /data/wwwroot/PhalApi/PhalApi/NotORM/NotORM/Result.php:246
Stack trace:
#0 /data/wwwroot/PhalApi/PhalApi/NotORM/NotORM/Result.php(393): NotORM_Result->query('UPDATE pa_busin...', Array)
#1 /data/wwwroot/PhalApi/App/Model/Business.php(56): NotORM_Result->update(Array)
#2 /data/wwwroot/PhalApi/App/Domain/Business.php(31): Model_Business->putBusinessSign('1000000008', '52', Array)
#3 /data/wwwroot/PhalApi/App/Api/Business.php(220): Domain_Business->putBusinessSign('1000000008', '52', Array)
#4 /data/wwwroot/PhalApi/PhalApi/PhalApi.php(55): Api_Business->putBusinessSign()
#5 /data/wwwroot/PhalApi/Public/app/index.php(19): PhalApi->response()
#6 {main}
2017-07-11 14:14:30|INFO|putBusinessSign|{"uid":"1000000008","data":{"bid":"53","seller_name":"\u6211","seller_mobile":"\u6211","seller_ID":"\u6211","seller_ID1_photo":"kfkJhx87CnTMKTmkI3aEq_XbpzeDNKldAMZ1zRXniKq6tTu5Sw3ud9Cx-AuRCTZU","seller_ID2_photo":"A8FAkVeFe4Ssvgw6W5DHnyN5j1Mp_GFDXuRtGgKDVa3aCQni-F_tX0r23yFl39rF","buyer_name":"\u6211","buyer_mobile":"\u6211","buyer_ID":"\u6211","buyer_ID1_photo":"LEVlWGPfvLrB6lf5oO13HDMENbwIQ9Z8f8f_qfjIWKOCqR2wozyAGiajhYY5MeQy","buyer_ID2_photo":"W_I4aIsjordHnqFpzPk4Imcx_AjfyW0v9Ksf39TiFDPVnavbqbfrm8d87EmGROHf","business_price":"\u6211","business_loan":"\u6211","business_fund":"\u6211","business_photo":"HOTr5lArh-6iXABKUZT9xyoEmmea_06Efu5RIWzCKMbNTexKvW73L4M661AhPG5-"}}
2017-07-11 14:14:33|ERROR|Business.PutBusinessSign|PDOException: Data truncated for column 'business_price' at row 1 in /data/wwwroot/PhalApi/PhalApi/NotORM/NotORM/Result.php:246
Stack trace:
#0 /data/wwwroot/PhalApi/PhalApi/NotORM/NotORM/Result.php(393): NotORM_Result->query('UPDATE pa_busin...', Array)
#1 /data/wwwroot/PhalApi/App/Model/Business.php(56): NotORM_Result->update(Array)
#2 /data/wwwroot/PhalApi/App/Domain/Business.php(31): Model_Business->putBusinessSign('1000000008', '53', Array)
#3 /data/wwwroot/PhalApi/App/Api/Business.php(220): Domain_Business->putBusinessSign('1000000008', '53', Array)
#4 /data/wwwroot/PhalApi/PhalApi/PhalApi.php(55): Api_Business->putBusinessSign()
#5 /data/wwwroot/PhalApi/Public/app/index.php(19): PhalApi->response()
#6 {main}
2017-07-11 14:16:21|INFO|putBusinessSign|{"uid":"1000000008","data":{"bid":"54","seller_name":"\u6211","seller_mobile":"\u6211","seller_ID":"\u6211","seller_ID1_photo":"ufsbEiDPKNMuqSRUhCmicE08V6vccxm3hmNUuCtJdEaPLD7B0KrvV2E3j6WS-J9p","seller_ID2_photo":"8pv7Y7ymar2iFT3RwKUl6oDsZ0T-Y-3bqA8OWxsVkgIZfnim1IoC2ytWutDGo_U2","buyer_name":"\u6211","buyer_mobile":"\u6211","buyer_ID":"\u6211","buyer_ID1_photo":"63DWc-PwrUcigDlJwXGa0Z5QXxyBOj9MAlFjrhSwkJy4SUWS1bAt2Bs7if0My06S","buyer_ID2_photo":"Zd30fasSMyCv5RRsoGGHEy8ZIQT7V5dHCXBSI_OfKHoTuxZp8pQL-Vc1Cm4XlkO5"}}
2017-07-11 14:18:32|INFO|putBusinessSign|{"uid":"1000000008","data":{"bid":"55","seller_name":"\u6211","seller_mobile":"\u6211","seller_ID":"\u6211","seller_ID1_photo":"A8FAkVeFe4Ssvgw6W5DHn9I49gq5x7bUt7UbOqboORKSHR6XKkNposFTHyrII4Tn","seller_ID2_photo":"XVE0cLdZNRugh-AFqeGGFDub9hacxGQRJWQrziCaKZJq5od7bjC4-WtzZPpZR3iU","buyer_name":"\u6211","buyer_mobile":"\u6211","buyer_ID":"\u6211","buyer_ID1_photo":"W_I4aIsjordHnqFpzPk4IgHi-N8-uimq285nxmjgLglpkNhM8onY-Eyu6Z3pD5Eg","buyer_ID2_photo":"7E7fDbX0_g1JKWA45Ps7-UxKeIC0Osoh0fOYiKt8zfUSvBKCuUiF9oSuUssfD4ql","business_price":"\u6211","business_loan":"\u6211","business_fund":"\u6211","business_photo":"CnF9T9xPhOnDqCzi4iizAwA49wDTuo4yFQsDuLa5tUMFa97k_dzekKgYo2DEMx_A","house_address":"\u6211","house_prove1_photo":"8Pm19ycKJirsMEZeTlYyNRVd52zrXCUVEv_xoGt0kXYlOx75DabjBHJWC-upp7ab","house_prove2_photo":"OXQzHEvfmg_B6mDxTvN9Qb7fqQMd3wbrntIkqnbwqc21PLLvgYh2okFdY8fqF2Ji","house_prove3_photo":"kjaemFbMbn8zPwRgRke7hk7GB7suWCwbYrUEtzqJ0I-Y-cs-qml5wJRqTCoX8jAM","house_prove4_photo":"6iCivOK_oLAdTV-QYIUWwE64Brh18gtxlbqmzbrmmm2nSEoaWNtibwAgxlnBjTDV","house_fund_photo":"q9mSeTpdaH-fco2s_CSqE9fpE2r4aTHKQ1KSt3V-RsFgvj0SVRfCRSsIXICUNCI8","house_prove_photo":"PEUYH5iFdAVX44_b-KaGt0Qi_KJqq56CX_UP-QvS2DdY1BhbEafsZ6reXdI0Slc8"}}
2017-07-11 14:18:41|ERROR|Business.PutBusinessSign|PDOException: Data truncated for column 'business_price' at row 1 in /data/wwwroot/PhalApi/PhalApi/NotORM/NotORM/Result.php:246
Stack trace:
#0 /data/wwwroot/PhalApi/PhalApi/NotORM/NotORM/Result.php(393): NotORM_Result->query('UPDATE pa_busin...', Array)
#1 /data/wwwroot/PhalApi/App/Model/Business.php(56): NotORM_Result->update(Array)
#2 /data/wwwroot/PhalApi/App/Domain/Business.php(31): Model_Business->putBusinessSign('1000000008', '55', Array)
#3 /data/wwwroot/PhalApi/App/Api/Business.php(220): Domain_Business->putBusinessSign('1000000008', '55', Array)
#4 /data/wwwroot/PhalApi/PhalApi/PhalApi.php(55): Api_Business->putBusinessSign()
#5 /data/wwwroot/PhalApi/Public/app/index.php(19): PhalApi->response()
#6 {main}
2017-07-11 14:22:50|INFO|putBusinessSign|{"uid":"1000000008","data":{"bid":"56","seller_name":"1","seller_mobile":"1","seller_ID":"1","seller_ID1_photo":"VkLll2iI6RZ1TtQFNsazdS2k63ijTK8FrBhlQ6Jk9CK_W5weVDU9KeBaKtq1uxnR","seller_ID2_photo":"pY8TzjmXiZ2jjB7lCJOOj2qaCdXs0T0d5gLL8XurWp47JQSPqD6Cm0U8h7zoH9UO","buyer_name":"\u6211","buyer_mobile":"\u6211","buyer_ID":"\u6211","buyer_ID1_photo":"tKLNsyGXODh8x5N4A49VZBSx6wJf-sYXjCxaneaBV0l0PM6N68NBuJwlpMr1KZQq","buyer_ID2_photo":"qtFEDSRBHQ8fVQc6rUf9rSfnBGvW629rbHt8n-iUz7TVzJcGnv9j-dZwWiPmSW9N","business_price":"1","business_loan":"1","business_fund":"1","business_photo":"stq8JmCD_phnZ873R8vUuUvpHHTaW59cEBMhCV3yUzvX63_W0How9-2MQCMga8Fe","house_address":"\u6211","house_prove1_photo":"8SYwScYBewp8WVulLLCPYTe7oApU6o30Eb0ejxGLQJhzogiZbVdlgIKezuDq9Zyo","house_prove2_photo":"wobxnkDJlYEOHqXtZfK-AfV8jLms3aR9mvi3UHwfJejE3u3mmCmW2tMxGhX7rGun","house_prove3_photo":"hyQuFekpzbmwdU2IzolkhLEgoU6Lv14dTQXX52tefcypePzvLY4OzDT-grHXrPFp","house_prove4_photo":"qe9rDSh8gNL39-UWF2NvusD30ksnerkYy7MhoskoYXthD3lNM-NTxgEA2RidkxUx","house_fund_photo":"CoZLIDiaWG5LAvrTCRanMe6GaWBvEgv9CmycKY7YimhujYd7X-PFTAagKJ-V_io_","house_prove_photo":"Q9ndJikSAGTd07j72coRC5wxHgE79LBtLglrRqgASFkKiaey_etbhs4WLqLbYJqw"}}
2017-07-11 23:24:49|INFO|putBusinessAssess|{"uid":"1000000008","data":{"bid":"66","bank_name_name":"\u4e2d\u56fd\u5efa\u8bbe\u94f6\u884c","house_out1_photo":"rc7ZeSEEqQbrZRwCEOzOzl8UJ2hVQAlKWVgQShiHxIq8QLKn3gVRm0P38DL7ZnIo","house_out2_photo":"YoPfja37jIK7COz3B9i2_VQp-vfhlruypdHSCFYGAiI9E9QFY_MZ9m_rsC7X4wBH","house_out3_photo":"yeuXU0GAwaJikioO1RaCK5swiwsqFjsHloM6wK3GIfWQx2P99WqjC1A1f9TTWh1h","house_out4_photo":"f0y2zmaRM6NZZ0m5oUsoHPVhKxBBqYbUMfHLHir2s1Rd_cGpi7q8_aGSwDoxghuM","house_bedroom1_photo":"VmhWim-lGo1N1y2p2wgDntLL40fnCIzcXCcjGS8PgoVo25sgWaiqzhD_UJ_oOSFH","house_bedroom2_photo":"g5TvY09sM-lJsAczq36UULrbA-FVOU7Py5RYQh_x3eMo3clBdO2i1OoXsAFN2ecv","house_bedroom3_photo":"p2oElHCjbAHI9wLiIc3JC9Tb0U-jhJ_98qmnhhTG0WezOrJLMkGB2sZXQeNrAwW1","house_living1_photo":"yeuXU0GAwaJikioO1RaCKz8zgJQ9vZlskxN_oEENkobElWrVHzVC5sd6u8tDwauj","house_living2_photo":"yeuXU0GAwaJikioO1RaCKz8zgJQ9vZlskxN_oEENkobElWrVHzVC5sd6u8tDwauj","house_living3_photo":"yeuXU0GAwaJikioO1RaCKz8zgJQ9vZlskxN_oEENkobElWrVHzVC5sd6u8tDwauj","house_kitchen1_photo":"YoPfja37jIK7COz3B9i2_f6zROZjvdlgfYS6-8ykygQEfaH0DcvqgOe6c6hPEIAI","house_kitchen2_photo":"f0y2zmaRM6NZZ0m5oUsoHHGAGpEx6mnZinMGI5Ts4xecfbImrmuwdM0bDHZIhAEG","house_toilet1_photo":"yeuXU0GAwaJikioO1RaCK9R6bE4oDJiWojx7hXHqSiDjuD8QRuXAYnQNy_gIP99p","house_toilet2_photo":"g5TvY09sM-lJsAczq36UUDY6Ym-YmTJq9w3UJ0Ub8z7Zvdje6PQIo8ZOngXif4iA","status":"1"}}
2017-07-11 23:25:13|ERROR|Business.PutBusinessAssess|PDOException: Unknown column 'bank_name_name' in 'field list' in /data/wwwroot/PhalApi/PhalApi/NotORM/NotORM/Result.php:246
Stack trace:
#0 /data/wwwroot/PhalApi/PhalApi/NotORM/NotORM/Result.php(393): NotORM_Result->query('UPDATE pa_busin...', Array)
#1 /data/wwwroot/PhalApi/App/Model/Business.php(79): NotORM_Result->update(Array)
#2 /data/wwwroot/PhalApi/App/Domain/Business.php(39): Model_Business->putBusinessAssess('1000000008', '66', Array)
#3 /data/wwwroot/PhalApi/App/Api/Business.php(311): Domain_Business->putBusinessAssess('1000000008', '66', Array)
#4 /data/wwwroot/PhalApi/PhalApi/PhalApi.php(55): Api_Business->putBusinessAssess()
#5 /data/wwwroot/PhalApi/Public/app/index.php(19): PhalApi->response()
#6 {main}
